Commande chargée: dice
Commande chargée: embed
Commande chargée: reload
Commande chargée: userinfo
Commande chargée: gvgauto
Commande chargée: tarta
Evenement chargé: message
Evenement chargé: ready
Evenement chargé: messageReactionAdd
Evenement chargé: messageReactionRemove
Logged in as Orphea#7210!
Commande chargée: dice
Commande chargée: embed
Commande chargée: reload
Commande chargée: userinfo
Commande chargée: gvgauto
Commande chargée: tarta
Evenement chargé: message
Evenement chargé: ready
Evenement chargé: messageReactionAdd
Evenement chargé: messageReactionRemove
Logged in as Orphea#7210!
Commande chargée: dice
Commande chargée: embed
Commande chargée: reload
Commande chargée: userinfo
Commande chargée: gvgauto
Commande chargée: tarta
Evenement chargé: message
Evenement chargé: ready
Evenement chargé: messageReactionAdd
Evenement chargé: messageReactionRemove
Logged in as Orphea#7210!
Commande chargée: dice
Commande chargée: embed
Commande chargée: reload
Commande chargée: userinfo
Commande chargée: gvgauto
Commande chargée: tarta
Evenement chargé: message
Evenement chargé: ready
Evenement chargé: messageReactionAdd
Evenement chargé: messageReactionRemove
Logged in as Orphea#7210!
Args: Neph,c'est,un,gros,prout
Cmd: [object Object]
Args: 
Cmd: [object Object]
Args: 
Args: test
Cmd: [object Object]
Args: test
Cmd: [object Object]
Args: 
Cmd: [object Object]
Commande chargée: dice
Commande chargée: embed
Commande chargée: reload
Commande chargée: userinfo
Commande chargée: gvgauto
Commande chargée: tarta
Evenement chargé: message
Evenement chargé: ready
Evenement chargé: messageReactionAdd
Evenement chargé: messageReactionRemove
Logged in as Orphea#7210!
Args: test
Cmd: function toString() { [native code] }
Args: 
Cmd: function toString() { [native code] }
Commande chargée: dice
Commande chargée: embed
Commande chargée: reload
Commande chargée: userinfo
Commande chargée: gvgauto
Commande chargée: tarta
Evenement chargé: message
Evenement chargé: ready
Evenement chargé: messageReactionAdd
Evenement chargé: messageReactionRemove
Logged in as Orphea#7210!
Cmd: t
Args: test
Cmd: reload
Args: 
Commande chargée: dice
Commande chargée: embed
Commande chargée: reload
Commande chargée: userinfo
Commande chargée: gvgauto
Commande chargée: tarta
Evenement chargé: message
Evenement chargé: ready
Evenement chargé: messageReactionAdd
Evenement chargé: messageReactionRemove
Logged in as Orphea#7210!
Cmd: tarta
Args: blablabla
Cmd: dice
Args: 
Cmd: embed
Args: 
start
Launched
Cmd: gvg
Args: start
Cmd: reload
Args: 
Commande chargée: dice
Commande chargée: embed
Commande chargée: reload
Commande chargée: userinfo
Commande chargée: gvgauto
Commande chargée: tarta
Evenement chargé: message
Evenement chargé: ready
Evenement chargé: messageReactionAdd
Evenement chargé: messageReactionRemove
Logged in as Orphea#7210!
start
Launched
Cmd: gvg
Args: start
stop
stopped
Cmd: gvg
Args: stop
Cmd: reload
Args: 
Commande chargée: dice
Commande chargée: embed
Commande chargée: reload
Commande chargée: userinfo
Commande chargée: gvgauto
Commande chargée: tarta
Evenement chargé: message
Evenement chargé: ready
Evenement chargé: messageReactionAdd
Evenement chargé: messageReactionRemove
Logged in as Orphea#7210!
Cmd: reload
Args: 
Commande chargée: dice
Commande chargée: embed
Commande chargée: reload
Commande chargée: userinfo
Commande chargée: gvgauto
Commande chargée: tarta
Evenement chargé: message
Evenement chargé: ready
Evenement chargé: messageReactionAdd
Evenement chargé: messageReactionRemove
Logged in as Orphea#7210!
Cmd: reload
Args: 
Commande chargée: dice
Commande chargée: embed
Commande chargée: reload
Commande chargée: userinfo
Commande chargée: gvgauto
Commande chargée: tarta
Evenement chargé: message
Evenement chargé: ready
Evenement chargé: messageReactionAdd
Evenement chargé: messageReactionRemove
Logged in as Orphea#7210!
start
Launched
Cmd: gvg
Args: start
Cmd: reload
Args: 
Commande chargée: dice
Commande chargée: embed
Commande chargée: reload
Commande chargée: userinfo
Commande chargée: gvgauto
Commande chargée: tarta
Evenement chargé: message
Evenement chargé: ready
Evenement chargé: messageReactionAdd
Evenement chargé: messageReactionRemove
Logged in as Orphea#7210!
Cmd: t
Args: test
Commande chargée: dice
Commande chargée: embed
Commande chargée: reload
Commande chargée: userinfo
Commande chargée: gvgauto
Commande chargée: tarta
Evenement chargé: message
Evenement chargé: ready
Evenement chargé: messageReactionAdd
Evenement chargé: messageReactionRemove
Logged in as Orphea#7210!
Cmd: reload
Args: 
Commande chargée: dice
Commande chargée: embed
Commande chargée: reload
Commande chargée: userinfo
Commande chargée: gvgauto
Commande chargée: tarta
Evenement chargé: message
Evenement chargé: ready
Evenement chargé: messageReactionAdd
Evenement chargé: messageReactionRemove
Logged in as Orphea#7210!
Cmd: tarta
Args: Neph,est,trop,moche
Cmd: embed
Args: 
Cmd: embed
Args: 
Cmd: reload
Args: 
Commande chargée: dice
Commande chargée: embed
Commande chargée: reload
Commande chargée: userinfo
Commande chargée: gvgauto
Commande chargée: tarta
Evenement chargé: message
Evenement chargé: ready
Evenement chargé: messageReactionAdd
Evenement chargé: messageReactionRemove
Logged in as Orphea#7210!
start
Launched
Cmd: gvg
Args: start
Cmd: reload
Args: 
Commande chargée: dice
Commande chargée: embed
Commande chargée: reload
Commande chargée: userinfo
Commande chargée: gvgauto
Commande chargée: tarta
Evenement chargé: message
Evenement chargé: ready
Evenement chargé: messageReactionAdd
Evenement chargé: messageReactionRemove
Logged in as Orphea#7210!
Cmd: reload
Args: 
Commande chargée: dice
Commande chargée: embed
Commande chargée: reload
Commande chargée: userinfo
Commande chargée: gvgauto
Commande chargée: tarta
Evenement chargé: message
Evenement chargé: ready
Evenement chargé: messageReactionAdd
Evenement chargé: messageReactionRemove
Logged in as Orphea#7210!
start
Launched
Cmd: gvg
Args: start
Cmd: reload
Args: 
Commande chargée: dice
Commande chargée: embed
Commande chargée: reload
Commande chargée: userinfo
Commande chargée: gvgauto
Commande chargée: tarta
Evenement chargé: message
Evenement chargé: ready
Evenement chargé: messageReactionAdd
Evenement chargé: messageReactionRemove
Logged in as Orphea#7210!
Cmd: t
Args: test
Cmd: reload
Args: 
Commande chargée: dice
Commande chargée: embed
Commande chargée: reload
Commande chargée: userinfo
Commande chargée: gvgauto
Commande chargée: tarta
Evenement chargé: message
Evenement chargé: ready
Evenement chargé: messageReactionAdd
Evenement chargé: messageReactionRemove
Logged in as Orphea#7210!
Commande chargée: dice
Commande chargée: embed
Commande chargée: reload
Commande chargée: userinfo
Commande chargée: gvgauto
Commande chargée: tarta
Evenement chargé: message
Evenement chargé: ready
Evenement chargé: messageReactionAdd
Evenement chargé: messageReactionRemove
Logged in as Orphea#7210!
Cmd: dice
Args: 
Commande chargée: dice
Commande chargée: embed
Commande chargée: reload
Commande chargée: userinfo
Commande chargée: gvgauto
Commande chargée: tarta
Evenement chargé: message
Evenement chargé: ready
Evenement chargé: messageReactionAdd
Evenement chargé: messageReactionRemove
Logged in as Orphea#7210!
Cmd: reload
Args: 
Commande chargée: dice
Commande chargée: embed
Commande chargée: reload
Commande chargée: userinfo
Commande chargée: gvgauto
Commande chargée: tarta
Evenement chargé: message
Evenement chargé: ready
Evenement chargé: messageReactionAdd
Evenement chargé: messageReactionRemove
Logged in as Orphea#7210!
Cmd: reload
Args: 
Commande chargée: dice
Commande chargée: embed
Commande chargée: reload
Commande chargée: userinfo
Commande chargée: gvgauto
Commande chargée: tarta
Evenement chargé: message
Evenement chargé: ready
Evenement chargé: messageReactionAdd
Evenement chargé: messageReactionRemove
Cmd: reload
Args: 
Commande chargée: dice
Commande chargée: embed
Commande chargée: reload
Commande chargée: userinfo
Commande chargée: gvgauto
Commande chargée: tarta
Evenement chargé: message
Evenement chargé: ready
Evenement chargé: messageReactionAdd
Evenement chargé: messageReactionRemove
Cmd: reload
Args: 
Cmd: reload
Args: 
Cmd: reload
Args: 
Cmd: reload
Args: 
Cmd: reload
Args: 
Cmd: reload
Args: 
Cmd: reload
Args: 
Cmd: t
Args: test
Cmd: reload
Args: 
Cmd: reload
Args: 
Cmd: t
Args: test
Cmd: reload
Args: 
Cmd: reload
Args: 
Commande chargée: dice
Commande chargée: embed
Commande chargée: reload
Commande chargée: userinfo
Commande chargée: gvgauto
Commande chargée: tarta
Evenement chargé: message
Evenement chargé: ready
Evenement chargé: messageReactionAdd
Evenement chargé: messageReactionRemove
Logged in as Orphea#7210!
Cmd: reload
Args: 
Commande chargée: dice
Commande chargée: embed
Commande chargée: reload
Commande chargée: userinfo
Commande chargée: gvgauto
Commande chargée: tarta
Evenement chargé: message
Evenement chargé: ready
Evenement chargé: messageReactionAdd
Evenement chargé: messageReactionRemove
Logged in as Orphea#7210!
Cmd: reload
Args: 
Commande chargée: dice
Commande chargée: embed
Commande chargée: reload
Commande chargée: userinfo
Commande chargée: gvgauto
Commande chargée: tarta
Evenement chargé: message
Evenement chargé: ready
Evenement chargé: messageReactionAdd
Evenement chargé: messageReactionRemove
Logged in as Orphea#7210!
Cmd: reload
Args: 
Commande chargée: dice
Commande chargée: embed
Commande chargée: reload
Commande chargée: userinfo
Commande chargée: gvgauto
Commande chargée: tarta
Evenement chargé: message
Evenement chargé: ready
Evenement chargé: messageReactionAdd
Evenement chargé: messageReactionRemove
Logged in as Orphea#7210!
Cmd: reload
Args: 
Commande chargée: dice
Commande chargée: embed
Commande chargée: reload
Commande chargée: userinfo
Commande chargée: gvgauto
Commande chargée: tarta
Evenement chargé: message
Evenement chargé: ready
Evenement chargé: messageReactionAdd
Evenement chargé: messageReactionRemove
Logged in as Orphea#7210!
Cmd: reload
Args: 
Commande chargée: dice
Commande chargée: embed
Commande chargée: reload
Commande chargée: userinfo
Commande chargée: gvgauto
Commande chargée: tarta
Evenement chargé: message
Evenement chargé: ready
Evenement chargé: messageReactionAdd
Evenement chargé: messageReactionRemove
Logged in as Orphea#7210!
Cmd: reload
Args: 
Commande chargée: dice
Commande chargée: embed
Commande chargée: reload
Commande chargée: userinfo
Commande chargée: gvgauto
Commande chargée: tarta
Evenement chargé: message
Evenement chargé: ready
Evenement chargé: messageReactionAdd
Evenement chargé: messageReactionRemove
Logged in as Orphea#7210!
Cmd: embed
Args: white,Neph,la,catin,Test
Cmd: reload
Args: 
Commande chargée: dice
Commande chargée: embed
Commande chargée: reload
Commande chargée: userinfo
Commande chargée: gvgauto
Commande chargée: tarta
Evenement chargé: message
Evenement chargé: ready
Evenement chargé: messageReactionAdd
Evenement chargé: messageReactionRemove
Logged in as Orphea#7210!
Commande chargée: dice
Commande chargée: embed
Commande chargée: reload
Commande chargée: userinfo
Commande chargée: gvgauto
Commande chargée: tarta
Evenement chargé: message
Evenement chargé: ready
Evenement chargé: messageReactionAdd
Evenement chargé: messageReactionRemove
Logged in as Orphea#7210!
Commande chargée: dice
Commande chargée: embed
Commande chargée: reload
Commande chargée: userinfo
Commande chargée: gvgauto
Commande chargée: tarta
Evenement chargé: message
Evenement chargé: ready
Evenement chargé: messageReactionAdd
Evenement chargé: messageReactionRemove
Logged in as Orphea#7210!
Cmd: reload
Args: 
Commande chargée: dice
Commande chargée: embed
Commande chargée: reload
Commande chargée: userinfo
Commande chargée: gvgauto
Commande chargée: tarta
Evenement chargé: message
Evenement chargé: ready
Evenement chargé: messageReactionAdd
Evenement chargé: messageReactionRemove
Logged in as Orphea#7210!
Commande chargée: dice
Commande chargée: embed
Commande chargée: reload
Commande chargée: userinfo
Commande chargée: gvgauto
Commande chargée: tarta
Evenement chargé: message
Evenement chargé: ready
Evenement chargé: messageReactionAdd
Evenement chargé: messageReactionRemove
Logged in as Orphea#7210!
Cmd: reload
Args: 
Commande chargée: dice
Commande chargée: embed
Commande chargée: reload
Commande chargée: userinfo
Commande chargée: gvgauto
Commande chargée: tarta
Evenement chargé: message
Evenement chargé: ready
Evenement chargé: messageReactionAdd
Evenement chargé: messageReactionRemove
Logged in as Orphea#7210!
Commande chargée: dice
Commande chargée: embed
Commande chargée: reload
Commande chargée: userinfo
Commande chargée: gvgauto
Commande chargée: tarta
Evenement chargé: message
Evenement chargé: ready
Evenement chargé: messageReactionAdd
Evenement chargé: messageReactionRemove
Logged in as Orphea#7210!
Cmd: reload
Args: 
Commande chargée: dice
Commande chargée: embed
Commande chargée: reload
Commande chargée: userinfo
Commande chargée: gvgauto
Commande chargée: tarta
Evenement chargé: message
Evenement chargé: ready
Evenement chargé: messageReactionAdd
Evenement chargé: messageReactionRemove
Logged in as Orphea#7210!
Commande chargée: dice
Commande chargée: embed
Commande chargée: reload
Commande chargée: userinfo
Commande chargée: gvgauto
Commande chargée: tarta
Evenement chargé: message
Evenement chargé: ready
Evenement chargé: messageReactionAdd
Evenement chargé: messageReactionRemove
Logged in as Orphea#7210!
Commande chargée: dice
Commande chargée: embed
Commande chargée: reload
Commande chargée: userinfo
Commande chargée: gvgauto
Commande chargée: tarta
Evenement chargé: message
Evenement chargé: ready
Evenement chargé: messageReactionAdd
Evenement chargé: messageReactionRemove
Logged in as Orphea#7210!
Commande chargée: dice
Commande chargée: embed
Commande chargée: reload
Commande chargée: userinfo
Commande chargée: gvgauto
Commande chargée: tarta
Evenement chargé: message
Evenement chargé: ready
Evenement chargé: messageReactionAdd
Evenement chargé: messageReactionRemove
Logged in as Orphea#7210!
Cmd: reload
Args: 
Commande chargée: dice
Commande chargée: embed
Commande chargée: reload
Commande chargée: userinfo
Commande chargée: gvgauto
Commande chargée: tarta
Evenement chargé: message
Evenement chargé: ready
Evenement chargé: messageReactionAdd
Evenement chargé: messageReactionRemove
Logged in as Orphea#7210!
Commande chargée: dice
Commande chargée: embed
Commande chargée: reload
Commande chargée: userinfo
Commande chargée: gvgauto
Commande chargée: tarta
Evenement chargé: message
Evenement chargé: ready
Evenement chargé: messageReactionAdd
Evenement chargé: messageReactionRemove
Logged in as Orphea#7210!
Cmd: reload
Args: 
Commande chargée: dice
Commande chargée: embed
Commande chargée: reload
Commande chargée: userinfo
Commande chargée: gvgauto
Commande chargée: tarta
Evenement chargé: message
Evenement chargé: ready
Evenement chargé: messageReactionAdd
Evenement chargé: messageReactionRemove
Logged in as Orphea#7210!
Commande chargée: dice
Commande chargée: embed
Commande chargée: reload
Commande chargée: userinfo
Commande chargée: gvgauto
Commande chargée: tarta
Evenement chargé: message
Evenement chargé: ready
Evenement chargé: messageReactionAdd
Evenement chargé: messageReactionRemove
Logged in as Orphea#7210!
Cmd: reload
Args: 
Commande chargée: dice
Commande chargée: embed
Commande chargée: reload
Commande chargée: userinfo
Commande chargée: gvgauto
Commande chargée: tarta
Evenement chargé: message
Evenement chargé: ready
Evenement chargé: messageReactionAdd
Evenement chargé: messageReactionRemove
Logged in as Orphea#7210!
Commande chargée: dice
Commande chargée: embed
Commande chargée: reload
Commande chargée: userinfo
Commande chargée: gvgauto
Commande chargée: tarta
Evenement chargé: message
Evenement chargé: ready
Evenement chargé: messageReactionAdd
Evenement chargé: messageReactionRemove
Logged in as Orphea#7210!
Cmd: reload
Args: 
Commande chargée: dice
Commande chargée: embed
Commande chargée: reload
Commande chargée: userinfo
Commande chargée: gvgauto
Commande chargée: tarta
Evenement chargé: message
Evenement chargé: ready
Evenement chargé: messageReactionAdd
Evenement chargé: messageReactionRemove
Logged in as Orphea#7210!
bla bla bla
Cmd: embed
Args: bla,bla,bla
Cmd: reload
Args: 
Commande chargée: dice
Commande chargée: embed
Commande chargée: reload
Commande chargée: userinfo
Commande chargée: gvgauto
Commande chargée: tarta
Evenement chargé: message
Evenement chargé: ready
Evenement chargé: messageReactionAdd
Evenement chargé: messageReactionRemove
Logged in as Orphea#7210!
blabla bla blablabla
Cmd: embed
Args: blabla,bla,blablabla
Cmd: reload
Args: 
Commande chargée: dice
Commande chargée: dice
Commande chargée: dice
Commande chargée: dice
Commande chargée: dice
Commande chargée: dice
Commande chargée: dice
Commande chargée: dice
Commande chargée: dice
Commande chargée: dice
Commande chargée: dice
Commande chargée: dice
Commande chargée: dice
Commande chargée: dice
Commande chargée: dice
Commande chargée: dice
Commande chargée: dice
Commande chargée: dice
Commande chargée: dice
Commande chargée: dice
Commande chargée: dice
Commande chargée: dice
Commande chargée: dice
Commande chargée: dice
Commande chargée: dice
Commande chargée: dice
Commande chargée: dice
Commande chargée: dice
Commande chargée: dice
Commande chargée: dice
Commande chargée: dice
Commande chargée: dice
Commande chargée: dice
Commande chargée: dice
Commande chargée: dice
Commande chargée: dice
Commande chargée: dice
Commande chargée: dice
Commande chargée: dice
Commande chargée: dice
Commande chargée: dice
Commande chargée: dice
Commande chargée: dice
Commande chargée: dice
Commande chargée: dice
Commande chargée: dice
Commande chargée: dice
Commande chargée: dice
Commande chargée: dice
Commande chargée: dice
Commande chargée: dice
Commande chargée: dice
Commande chargée: dice
Commande chargée: dice
Commande chargée: dice
Commande chargée: dice
Commande chargée: dice
Commande chargée: dice
Commande chargée: dice
Commande chargée: dice
Commande chargée: dice
Commande chargée: dice
Commande chargée: dice
Commande chargée: dice
Commande chargée: dice
Commande chargée: dice
Commande chargée: dice
Commande chargée: dice
Commande chargée: dice
Commande chargée: dice
Commande chargée: dice
Commande chargée: dice
Commande chargée: dice
Commande chargée: dice
Commande chargée: dice
Commande chargée: dice
Commande chargée: dice
Commande chargée: dice
Commande chargée: dice
Commande chargée: dice
Commande chargée: dice
Commande chargée: dice
Commande chargée: dice
Commande chargée: dice
Commande chargée: dice
Commande chargée: dice
Commande chargée: dice
Commande chargée: dice
Commande chargée: dice
Commande chargée: dice
Commande chargée: dice
Commande chargée: dice
Commande chargée: dice
Commande chargée: dice
Commande chargée: dice
Commande chargée: dice
Commande chargée: dice
Commande chargée: dice
Commande chargée: dice
Commande chargée: dice
Commande chargée: dice
Commande chargée: dice
Commande chargée: dice
Commande chargée: dice
Commande chargée: dice
Commande chargée: dice
Commande chargée: dice
Commande chargée: dice
Commande chargée: dice
Commande chargée: dice
Commande chargée: dice
Commande chargée: dice
Commande chargée: dice
Commande chargée: dice
Commande chargée: dice
Commande chargée: dice
Commande chargée: dice
Commande chargée: dice
Commande chargée: dice
Commande chargée: dice
Commande chargée: dice
Commande chargée: dice
Commande chargée: dice
Commande chargée: dice
Commande chargée: dice
Commande chargée: dice
Commande chargée: dice
Commande chargée: dice
Commande chargée: dice
Commande chargée: dice
Commande chargée: dice
Commande chargée: dice
Commande chargée: dice
Commande chargée: dice
Commande chargée: dice
Commande chargée: dice
Commande chargée: dice
Commande chargée: dice
Commande chargée: dice
Commande chargée: dice
Commande chargée: dice
Commande chargée: dice
Commande chargée: dice
Commande chargée: dice
Commande chargée: dice
Commande chargée: dice
Commande chargée: dice
Commande chargée: dice
Commande chargée: dice
Commande chargée: dice
Commande chargée: dice
Commande chargée: dice
Commande chargée: dice
Commande chargée: dice
Commande chargée: dice
Commande chargée: dice
Commande chargée: dice
Commande chargée: dice
Commande chargée: dice
Commande chargée: dice
Commande chargée: dice
Commande chargée: dice
Commande chargée: dice
Commande chargée: dice
Commande chargée: dice
Commande chargée: dice
Commande chargée: dice
Commande chargée: dice
Commande chargée: dice
Commande chargée: dice
Commande chargée: dice
Commande chargée: dice
Commande chargée: dice
Commande chargée: dice
Commande chargée: dice
Commande chargée: dice
Commande chargée: dice
Commande chargée: dice
Commande chargée: dice
Commande chargée: dice
Commande chargée: dice
Commande chargée: dice
Commande chargée: dice
Commande chargée: dice
Commande chargée: dice
Commande chargée: dice
Commande chargée: dice
Commande chargée: dice
Commande chargée: dice
Commande chargée: dice
Commande chargée: dice
Commande chargée: dice
Commande chargée: dice
Commande chargée: dice
Commande chargée: dice
Commande chargée: dice
Commande chargée: dice
Commande chargée: dice
Commande chargée: dice
Commande chargée: dice
Commande chargée: dice
Commande chargée: dice
Commande chargée: dice
Commande chargée: dice
Commande chargée: dice
Commande chargée: dice
Commande chargée: dice
Commande chargée: dice
Commande chargée: dice
Commande chargée: dice
Commande chargée: dice
Commande chargée: dice
Commande chargée: dice
Commande chargée: dice
Commande chargée: dice
Commande chargée: dice
Commande chargée: dice
Commande chargée: dice
Commande chargée: dice
Commande chargée: dice
Commande chargée: dice
Commande chargée: dice
Commande chargée: dice
Commande chargée: dice
Commande chargée: dice
Commande chargée: dice
Commande chargée: dice
Commande chargée: dice
Commande chargée: dice
Commande chargée: dice
Commande chargée: dice
Commande chargée: dice
Commande chargée: dice
Commande chargée: dice
Commande chargée: dice
Commande chargée: dice
Commande chargée: dice
Commande chargée: dice
Commande chargée: dice
Commande chargée: dice
Commande chargée: dice
Commande chargée: dice
Commande chargée: dice
Commande chargée: embed
Commande chargée: reload
Commande chargée: userinfo
Commande chargée: gvgauto
Commande chargée: tarta
Evenement chargé: message
Evenement chargé: ready
Evenement chargé: messageReactionAdd
Evenement chargé: messageReactionRemove
Logged in as Orphea#7210!
Cmd: reload
Args: 
Commande chargée: dice
Commande chargée: embed
Commande chargée: reload
Commande chargée: userinfo
Commande chargée: gvgauto
Commande chargée: tarta
Evenement chargé: message
Evenement chargé: ready
Evenement chargé: messageReactionAdd
Evenement chargé: messageReactionRemove
Evenement chargé: webhook
Logged in as Orphea#7210!
Cmd: reload
Args: 
Commande chargée: dice
Commande chargée: embed
Commande chargée: reload
Commande chargée: userinfo
Commande chargée: gvgauto
Commande chargée: tarta
Evenement chargé: message
Evenement chargé: ready
Evenement chargé: messageReactionAdd
Evenement chargé: messageReactionRemove
Evenement chargé: webhook
Logged in as Orphea#7210!
Cmd: reload
Args: 
Commande chargée: dice
Commande chargée: embed
Commande chargée: reload
Commande chargée: userinfo
Commande chargée: gvgauto
Commande chargée: tarta
Evenement chargé: message
Evenement chargé: ready
Evenement chargé: messageReactionAdd
Evenement chargé: messageReactionRemove
Evenement chargé: webhook
Logged in as Orphea#7210!
Cmd: reload
Args: 
Commande chargée: dice
Commande chargée: embed
Commande chargée: reload
Commande chargée: userinfo
Commande chargée: gvgauto
Commande chargée: tarta
Evenement chargé: message
Evenement chargé: ready
Evenement chargé: messageReactionAdd
Evenement chargé: messageReactionRemove
Evenement chargé: webhook
Logged in as Orphea#7210!
Cmd: reload
Args: 
Commande chargée: dice
Commande chargée: embed
Commande chargée: reload
Commande chargée: userinfo
Commande chargée: gvgauto
Commande chargée: tarta
Evenement chargé: message
Evenement chargé: ready
Evenement chargé: messageReactionAdd
Evenement chargé: messageReactionRemove
Evenement chargé: webhook
Logged in as Orphea#7210!
Cmd: reload
Args: 
Commande chargée: dice
Commande chargée: embed
Commande chargée: reload
Commande chargée: userinfo
Commande chargée: gvgauto
Commande chargée: tarta
Evenement chargé: message
Evenement chargé: ready
Evenement chargé: messageReactionAdd
Evenement chargé: messageReactionRemove
Evenement chargé: webhook
Logged in as Orphea#7210!
Cmd: reload
Args: 
Commande chargée: dice
Commande chargée: embed
Commande chargée: reload
Commande chargée: userinfo
Commande chargée: gvgauto
Commande chargée: tarta
Evenement chargé: message
Evenement chargé: ready
Evenement chargé: messageReactionAdd
Evenement chargé: messageReactionRemove
Evenement chargé: webhook
Logged in as Orphea#7210!
Cmd: reload
Args: 
Commande chargée: dice
Commande chargée: embed
Commande chargée: reload
Commande chargée: userinfo
Commande chargée: gvgauto
Commande chargée: tarta
Evenement chargé: message
Evenement chargé: ready
Evenement chargé: messageReactionAdd
Evenement chargé: messageReactionRemove
Evenement chargé: webhook
Logged in as Orphea#7210!
Cmd: reload
Args: 
Commande chargée: dice
Commande chargée: embed
Commande chargée: reload
Commande chargée: userinfo
Commande chargée: gvgauto
Commande chargée: tarta
Evenement chargé: message
Evenement chargé: ready
Evenement chargé: messageReactionAdd
Evenement chargé: messageReactionRemove
Evenement chargé: webhook
Logged in as Orphea#7210!
Cmd: reload
Args: 
Commande chargée: dice
Commande chargée: embed
Commande chargée: reload
Commande chargée: userinfo
Commande chargée: gvgauto
Commande chargée: tarta
Evenement chargé: message
Evenement chargé: ready
Evenement chargé: messageReactionAdd
Evenement chargé: messageReactionRemove
Evenement chargé: webhook
Logged in as Orphea#7210!
Cmd: reload
Args: 
Commande chargée: dice
Commande chargée: embed
Commande chargée: reload
Commande chargée: userinfo
Commande chargée: gvgauto
Commande chargée: tarta
Evenement chargé: message
Evenement chargé: ready
Evenement chargé: messageReactionAdd
Evenement chargé: messageReactionRemove
Evenement chargé: webhook
Logged in as Orphea#7210!
Cmd: reload
Args: 
Commande chargée: dice
Commande chargée: embed
Commande chargée: reload
Commande chargée: userinfo
Commande chargée: gvgauto
Commande chargée: tarta
Evenement chargé: message
Evenement chargé: ready
Evenement chargé: messageReactionAdd
Evenement chargé: messageReactionRemove
Evenement chargé: webhook
Logged in as Orphea#7210!
Cmd: reload
Args: 
Commande chargée: dice
Commande chargée: dice
Commande chargée: dice
Commande chargée: dice
Commande chargée: dice
Commande chargée: dice
Commande chargée: dice
Commande chargée: dice
Commande chargée: dice
Commande chargée: dice
Commande chargée: dice
Commande chargée: dice
Commande chargée: dice
Commande chargée: dice
Commande chargée: dice
Commande chargée: dice
Commande chargée: dice
Commande chargée: dice
Commande chargée: dice
Commande chargée: dice
Commande chargée: dice
Commande chargée: dice
Commande chargée: dice
Commande chargée: dice
Commande chargée: dice
Commande chargée: dice
Commande chargée: dice
Commande chargée: dice
Commande chargée: dice
Commande chargée: dice
Commande chargée: dice
Commande chargée: dice
Commande chargée: dice
Commande chargée: dice
Commande chargée: dice
Commande chargée: dice
Commande chargée: dice
Commande chargée: dice
Commande chargée: dice
Commande chargée: dice
Commande chargée: dice
Commande chargée: dice
Commande chargée: dice
Commande chargée: dice
Commande chargée: dice
Commande chargée: dice
Commande chargée: dice
Commande chargée: dice
Commande chargée: dice
Commande chargée: dice
Commande chargée: dice
Commande chargée: dice
Commande chargée: dice
Commande chargée: dice
Commande chargée: dice
Commande chargée: dice
Commande chargée: dice
Commande chargée: dice
Commande chargée: dice
Commande chargée: dice
Commande chargée: dice
Commande chargée: dice
Commande chargée: dice
Commande chargée: dice
Commande chargée: dice
Commande chargée: dice
Commande chargée: dice
Commande chargée: dice
Commande chargée: dice
Commande chargée: dice
Commande chargée: dice
Commande chargée: dice
Commande chargée: dice
Commande chargée: dice
Commande chargée: dice
Commande chargée: dice
Commande chargée: dice
Commande chargée: dice
Commande chargée: dice
Commande chargée: dice
Commande chargée: dice
Commande chargée: dice
Commande chargée: dice
Commande chargée: dice
Commande chargée: dice
Commande chargée: dice
Commande chargée: dice
Commande chargée: dice
Commande chargée: dice
Commande chargée: dice
Commande chargée: dice
Commande chargée: dice
Commande chargée: dice
Commande chargée: dice
Commande chargée: dice
Commande chargée: dice
Commande chargée: dice
Commande chargée: dice
Commande chargée: dice
Commande chargée: dice
Commande chargée: dice
Commande chargée: dice
Commande chargée: dice
Commande chargée: dice
Commande chargée: dice
Commande chargée: dice
Commande chargée: dice
Commande chargée: dice
Commande chargée: dice
Commande chargée: dice
Commande chargée: dice
Commande chargée: dice
Commande chargée: dice
Commande chargée: dice
Commande chargée: dice
Commande chargée: dice
Commande chargée: dice
Commande chargée: dice
Commande chargée: dice
Commande chargée: dice
Commande chargée: dice
Commande chargée: dice
Commande chargée: dice
Commande chargée: dice
Commande chargée: dice
Commande chargée: dice
Commande chargée: dice
Commande chargée: dice
Commande chargée: dice
Commande chargée: dice
Commande chargée: dice
Commande chargée: dice
Commande chargée: dice
Commande chargée: dice
Commande chargée: dice
Commande chargée: dice
Commande chargée: dice
Commande chargée: dice
Commande chargée: dice
Commande chargée: dice
Commande chargée: dice
Commande chargée: dice
Commande chargée: dice
Commande chargée: dice
Commande chargée: dice
Commande chargée: dice
Commande chargée: dice
Commande chargée: dice
Commande chargée: dice
Commande chargée: dice
Commande chargée: dice
Commande chargée: dice
Commande chargée: dice
Commande chargée: dice
Commande chargée: dice
Commande chargée: dice
Commande chargée: dice
Commande chargée: dice
Commande chargée: dice
Commande chargée: dice
Commande chargée: dice
Commande chargée: dice
Commande chargée: dice
Commande chargée: dice
Commande chargée: dice
Commande chargée: dice
Commande chargée: dice
Commande chargée: dice
Commande chargée: dice
Commande chargée: dice
Commande chargée: dice
Commande chargée: dice
Commande chargée: dice
Commande chargée: dice
Commande chargée: dice
Commande chargée: dice
Commande chargée: dice
Commande chargée: dice
Commande chargée: dice
Commande chargée: dice
Commande chargée: dice
Commande chargée: dice
Commande chargée: dice
Commande chargée: dice
Commande chargée: dice
Commande chargée: dice
Commande chargée: dice
Commande chargée: dice
Commande chargée: dice
Commande chargée: dice
Commande chargée: dice
Commande chargée: dice
Commande chargée: dice
Commande chargée: dice
Commande chargée: dice
Commande chargée: dice
Commande chargée: dice
Commande chargée: dice
Commande chargée: dice
Commande chargée: dice
Commande chargée: dice
Commande chargée: dice
Commande chargée: dice
Commande chargée: dice
Commande chargée: dice
Commande chargée: dice
Commande chargée: dice
Commande chargée: dice
Commande chargée: dice
Commande chargée: dice
Commande chargée: dice
Commande chargée: dice
Commande chargée: dice
Commande chargée: dice
Commande chargée: dice
Commande chargée: dice
Commande chargée: dice
Commande chargée: dice
Commande chargée: dice
Commande chargée: dice
Commande chargée: dice
Commande chargée: dice
Commande chargée: dice
Commande chargée: dice
Commande chargée: dice
Commande chargée: dice
Commande chargée: dice
Commande chargée: dice
Commande chargée: dice
Commande chargée: dice
Commande chargée: dice
Commande chargée: dice
Commande chargée: dice
Commande chargée: dice
Commande chargée: dice
Commande chargée: dice
Commande chargée: dice
Commande chargée: dice
Commande chargée: dice
Commande chargée: dice
Commande chargée: dice
Commande chargée: dice
Commande chargée: dice
Commande chargée: dice
Commande chargée: dice
Commande chargée: dice
Commande chargée: dice
Commande chargée: dice
Commande chargée: dice
Commande chargée: dice
Commande chargée: dice
Commande chargée: dice
Commande chargée: dice
Commande chargée: dice
Commande chargée: dice
Commande chargée: dice
Commande chargée: dice
Commande chargée: dice
Commande chargée: dice
Commande chargée: dice
Commande chargée: dice
Commande chargée: dice
Commande chargée: dice
Commande chargée: dice
Commande chargée: dice
Commande chargée: dice
Commande chargée: dice
Commande chargée: dice
Commande chargée: dice
Commande chargée: dice
Commande chargée: dice
Commande chargée: dice
Commande chargée: dice
Commande chargée: dice
Commande chargée: dice
Commande chargée: dice
Commande chargée: dice
Commande chargée: dice
Commande chargée: dice
Commande chargée: dice
Commande chargée: dice
Commande chargée: dice
Commande chargée: dice
Commande chargée: dice
Commande chargée: dice
Commande chargée: dice
Commande chargée: dice
Commande chargée: dice
Commande chargée: dice
Commande chargée: dice
Commande chargée: dice
Commande chargée: dice
Commande chargée: dice
Commande chargée: dice
Commande chargée: dice
Commande chargée: dice
Commande chargée: dice
Commande chargée: dice
Commande chargée: dice
Commande chargée: dice
Commande chargée: dice
Commande chargée: dice
Commande chargée: dice
Commande chargée: dice
Commande chargée: dice
Commande chargée: dice
Commande chargée: dice
Commande chargée: dice
Commande chargée: dice
Commande chargée: dice
Commande chargée: dice
Commande chargée: dice
Commande chargée: dice
Commande chargée: dice
Commande chargée: dice
Commande chargée: dice
Commande chargée: dice
Commande chargée: dice
Commande chargée: dice
Commande chargée: dice
Commande chargée: dice
Commande chargée: dice
Commande chargée: dice
Commande chargée: dice
Commande chargée: dice
Commande chargée: dice
Commande chargée: dice
Commande chargée: dice
Commande chargée: dice
Commande chargée: dice
Commande chargée: dice
Commande chargée: dice
Commande chargée: dice
Commande chargée: dice
Commande chargée: dice
Commande chargée: dice
Commande chargée: dice
Commande chargée: dice
Commande chargée: dice
Commande chargée: dice
Commande chargée: dice
Commande chargée: dice
Commande chargée: dice
Commande chargée: dice
Commande chargée: dice
Commande chargée: dice
Commande chargée: dice
Commande chargée: dice
Commande chargée: dice
Commande chargée: dice
Commande chargée: dice
Commande chargée: dice
Commande chargée: dice
Commande chargée: dice
Commande chargée: dice
Commande chargée: dice
Commande chargée: dice
Commande chargée: dice
Commande chargée: dice
Commande chargée: dice
Commande chargée: dice
Commande chargée: dice
Commande chargée: dice
Commande chargée: dice
Commande chargée: dice
Commande chargée: dice
Commande chargée: dice
Commande chargée: dice
Commande chargée: dice
Commande chargée: dice
Commande chargée: dice
Commande chargée: dice
Commande chargée: dice
Commande chargée: dice
Commande chargée: dice
Commande chargée: dice
Commande chargée: dice
Commande chargée: dice
Commande chargée: dice
Commande chargée: dice
Commande chargée: dice
Commande chargée: dice
Commande chargée: dice
Commande chargée: dice
Commande chargée: dice
Commande chargée: dice
Commande chargée: dice
Commande chargée: dice
Commande chargée: dice
Commande chargée: dice
Commande chargée: dice
Commande chargée: dice
Commande chargée: dice
Commande chargée: dice
Commande chargée: dice
Commande chargée: dice
Commande chargée: dice
Commande chargée: dice
Commande chargée: dice
Commande chargée: dice
Commande chargée: dice
Commande chargée: dice
Commande chargée: dice
Commande chargée: dice
Commande chargée: dice
Commande chargée: dice
Commande chargée: dice
Commande chargée: dice
Commande chargée: dice
Commande chargée: dice
Commande chargée: dice
Commande chargée: dice
Commande chargée: dice
Commande chargée: dice
Commande chargée: dice
Commande chargée: dice
Commande chargée: dice
Commande chargée: dice
Commande chargée: dice
Commande chargée: dice
Commande chargée: dice
Commande chargée: dice
Commande chargée: dice
Commande chargée: dice
Commande chargée: dice
Commande chargée: dice
Commande chargée: dice
Commande chargée: dice
Commande chargée: dice
Commande chargée: dice
Commande chargée: dice
Commande chargée: dice
Commande chargée: dice
Commande chargée: dice
Commande chargée: dice
Commande chargée: dice
Commande chargée: dice
Commande chargée: dice
Commande chargée: dice
Commande chargée: dice
Commande chargée: dice
Commande chargée: dice
Commande chargée: dice
Commande chargée: dice
Commande chargée: dice
Commande chargée: dice
Commande chargée: dice
Commande chargée: dice
Commande chargée: dice
Commande chargée: dice
Commande chargée: dice
Commande chargée: dice
Commande chargée: dice
Commande chargée: dice
Commande chargée: dice
Commande chargée: dice
Commande chargée: dice
Commande chargée: dice
Commande chargée: dice
Commande chargée: dice
Commande chargée: dice
Commande chargée: dice
Commande chargée: dice
Commande chargée: dice
Commande chargée: dice
Commande chargée: dice
Commande chargée: dice
Commande chargée: dice
Commande chargée: dice
Commande chargée: dice
Commande chargée: dice
Commande chargée: dice
Commande chargée: dice
Commande chargée: dice
Commande chargée: dice
Commande chargée: dice
Commande chargée: dice
Commande chargée: dice
Commande chargée: dice
Commande chargée: dice
Commande chargée: dice
Commande chargée: dice
Commande chargée: dice
Commande chargée: dice
Commande chargée: dice
Commande chargée: dice
Commande chargée: dice
Commande chargée: dice
Commande chargée: dice
Commande chargée: dice
Commande chargée: dice
Commande chargée: dice
Commande chargée: dice
Commande chargée: dice
Commande chargée: dice
Commande chargée: dice
Commande chargée: dice
Commande chargée: dice
Commande chargée: dice
Commande chargée: dice
Commande chargée: dice
Commande chargée: dice
Commande chargée: dice
Commande chargée: dice
Commande chargée: dice
Commande chargée: dice
Commande chargée: dice
Commande chargée: dice
Commande chargée: dice
Commande chargée: dice
Commande chargée: dice
Commande chargée: dice
Commande chargée: dice
Commande chargée: dice
Commande chargée: dice
Commande chargée: dice
Commande chargée: dice
Commande chargée: dice
Commande chargée: dice
Commande chargée: dice
Commande chargée: dice
Commande chargée: dice
Commande chargée: dice
Commande chargée: dice
Commande chargée: dice
Commande chargée: dice
Commande chargée: dice
Commande chargée: dice
Commande chargée: dice
Commande chargée: dice
Commande chargée: dice
Commande chargée: dice
Commande chargée: dice
Commande chargée: dice
Commande chargée: dice
Commande chargée: dice
Commande chargée: dice
Commande chargée: dice
Commande chargée: dice
Commande chargée: dice
Commande chargée: dice
Commande chargée: dice
Commande chargée: dice
Commande chargée: dice
Commande chargée: dice
Commande chargée: dice
Commande chargée: dice
Commande chargée: dice
Commande chargée: dice
Commande chargée: dice
Commande chargée: dice
Commande chargée: dice
Commande chargée: dice
Commande chargée: dice
Commande chargée: dice
Commande chargée: dice
Commande chargée: dice
Commande chargée: dice
Commande chargée: dice
Commande chargée: dice
Commande chargée: dice
Commande chargée: dice
Commande chargée: dice
Commande chargée: dice
Commande chargée: dice
Commande chargée: dice
Commande chargée: dice
Commande chargée: dice
Commande chargée: dice
Commande chargée: dice
Commande chargée: dice
Commande chargée: dice
Commande chargée: dice
Commande chargée: dice
Commande chargée: dice
Commande chargée: dice
Commande chargée: dice
Commande chargée: dice
Commande chargée: dice
Commande chargée: dice
Commande chargée: dice
Commande chargée: dice
Commande chargée: dice
Commande chargée: dice
Commande chargée: dice
Commande chargée: dice
Commande chargée: dice
Commande chargée: dice
Commande chargée: dice
Commande chargée: dice
Commande chargée: dice
Commande chargée: dice
Commande chargée: dice
Commande chargée: dice
Commande chargée: dice
Commande chargée: dice
Commande chargée: dice
Commande chargée: dice
Commande chargée: dice
Commande chargée: dice
Commande chargée: dice
Commande chargée: dice
Commande chargée: dice
Commande chargée: dice
Commande chargée: dice
Commande chargée: dice
Commande chargée: dice
Commande chargée: dice
Commande chargée: dice
Commande chargée: dice
Commande chargée: dice
Commande chargée: dice
Commande chargée: dice
Commande chargée: dice
Commande chargée: dice
Commande chargée: dice
Commande chargée: dice
Commande chargée: dice
Commande chargée: dice
Commande chargée: dice
Commande chargée: dice
Commande chargée: dice
Commande chargée: dice
Commande chargée: dice
Commande chargée: dice
Commande chargée: dice
Commande chargée: dice
Commande chargée: dice
Commande chargée: dice
Commande chargée: dice
Commande chargée: dice
Commande chargée: dice
Commande chargée: dice
Commande chargée: dice
Commande chargée: dice
Commande chargée: dice
Commande chargée: dice
Commande chargée: dice
Commande chargée: dice
Commande chargée: dice
Commande chargée: dice
Commande chargée: dice
Commande chargée: dice
Commande chargée: dice
Commande chargée: dice
Commande chargée: dice
Commande chargée: dice
Commande chargée: dice
Commande chargée: dice
Commande chargée: dice
Commande chargée: dice
Commande chargée: dice
Commande chargée: dice
Commande chargée: dice
Commande chargée: dice
Commande chargée: dice
Commande chargée: dice
Commande chargée: dice
Commande chargée: dice
Commande chargée: dice
Commande chargée: dice
Commande chargée: dice
Commande chargée: dice
Commande chargée: dice
Commande chargée: dice
Commande chargée: dice
Commande chargée: dice
Commande chargée: dice
Commande chargée: dice
Commande chargée: dice
Commande chargée: embed
Commande chargée: reload
Commande chargée: userinfo
Commande chargée: gvgauto
Commande chargée: tarta
Evenement chargé: message
Evenement chargé: ready
Evenement chargé: messageReactionAdd
Evenement chargé: messageReactionRemove
Evenement chargé: webhook
Logged in as Orphea#7210!
Cmd: reload
Args: 
r undefined undefined
Commande chargée: dice
Commande chargée: embed
Commande chargée: reload
Commande chargée: userinfo
Commande chargée: gvgauto
Commande chargée: tarta
Evenement chargé: message
Evenement chargé: ready
Evenement chargé: messageReactionAdd
Evenement chargé: messageReactionRemove
Evenement chargé: webhook
Logged in as Orphea#7210!
Cmd: reload
Args: 
Commande chargée: dice
Commande chargée: embed
Commande chargée: reload
Commande chargée: userinfo
Commande chargée: gvgauto
Commande chargée: tarta
Evenement chargé: message
Evenement chargé: ready
Evenement chargé: messageReactionAdd
Evenement chargé: messageReactionRemove
Evenement chargé: webhook
Logged in as Orphea#7210!
Recup color: r, undefined, undefined]
Commande chargée: dice
Commande chargée: embed
Commande chargée: reload
Commande chargée: userinfo
Commande chargée: gvgauto
Commande chargée: tarta
Evenement chargé: message
Evenement chargé: ready
Evenement chargé: messageReactionAdd
Evenement chargé: messageReactionRemove
Evenement chargé: webhook
Logged in as Orphea#7210!
Cmd: reload
Args: 
Commande chargée: dice
Commande chargée: embed
Commande chargée: reload
Commande chargée: userinfo
Commande chargée: gvgauto
Commande chargée: tarta
Evenement chargé: message
Evenement chargé: ready
Evenement chargé: messageReactionAdd
Evenement chargé: messageReactionRemove
Evenement chargé: webhook
Logged in as Orphea#7210!
Recup color: r, undefined, undefined]
Commande chargée: dice
Commande chargée: embed
Commande chargée: reload
Commande chargée: userinfo
Commande chargée: gvgauto
Commande chargée: tarta
Evenement chargé: message
Evenement chargé: ready
Evenement chargé: messageReactionAdd
Evenement chargé: messageReactionRemove
Evenement chargé: webhook
Logged in as Orphea#7210!
Recup color: r, undefined, undefined]
Commande chargée: dice
Commande chargée: embed
Commande chargée: reload
Commande chargée: userinfo
Commande chargée: gvgauto
Commande chargée: tarta
Evenement chargé: message
Evenement chargé: ready
Evenement chargé: messageReactionAdd
Evenement chargé: messageReactionRemove
Evenement chargé: webhook
Logged in as Orphea#7210!
Cmd: reload
Args: 
Recup color: r, undefined, undefined]
Commande chargée: dice
Commande chargée: embed
Commande chargée: reload
Commande chargée: userinfo
Commande chargée: gvgauto
Commande chargée: tarta
Evenement chargé: message
Evenement chargé: ready
Evenement chargé: messageReactionAdd
Evenement chargé: messageReactionRemove
Evenement chargé: webhook
Logged in as Orphea#7210!
Cmd: reload
Args: 
Recup color: r, undefined, undefined]
Commande chargée: dice
Commande chargée: embed
Commande chargée: reload
Commande chargée: userinfo
Commande chargée: gvgauto
Commande chargée: tarta
Evenement chargé: message
Evenement chargé: ready
Evenement chargé: messageReactionAdd
Evenement chargé: messageReactionRemove
Evenement chargé: webhook
Logged in as Orphea#7210!
Cmd: reload
Args: 
Recup color: r, undefined, undefined]
Commande chargée: dice
Commande chargée: embed
Commande chargée: reload
Commande chargée: userinfo
Commande chargée: gvgauto
Commande chargée: tarta
Evenement chargé: message
Evenement chargé: ready
Evenement chargé: messageReactionAdd
Evenement chargé: messageReactionRemove
Evenement chargé: webhook
Logged in as Orphea#7210!
Recup color: w, undefined, undefined]
Cmd: embed
Args: w
Recup color: b, undefined, undefined]
Cmd: embed
Args: b
Cmd: reload
Args: 
Recup color: r, undefined, undefined]
Cmd: embed
Args: r
Cmd: reload
Args: 
Recup color: r, undefined, undefined]
Cmd: embed
Args: r
Cmd: reload
Args: 
Commande chargée: dice
Commande chargée: embed
Commande chargée: reload
Commande chargée: userinfo
Commande chargée: gvgauto
Commande chargée: tarta
Evenement chargé: message
Evenement chargé: ready
Evenement chargé: messageReactionAdd
Evenement chargé: messageReactionRemove
Evenement chargé: webhook
Logged in as Orphea#7210!
Cmd: reload
Args: 
Recup color: r, undefined, undefined]
Cmd: embed
Args: r
Cmd: reload
Args: 
Commande chargée: dice
Commande chargée: embed
Commande chargée: reload
Commande chargée: userinfo
Commande chargée: gvgauto
Commande chargée: tarta
Evenement chargé: message
Evenement chargé: ready
Evenement chargé: messageReactionAdd
Evenement chargé: messageReactionRemove
Evenement chargé: webhook
Logged in as Orphea#7210!
Recup color: r, undefined, undefined]
Cmd: embed
Args: r
Cmd: reload
Args: 
Recup color: r, undefined, undefined]
Cmd: embed
Args: r
Cmd: reload
Args: 
Recup color: r, undefined, undefined]
Cmd: embed
Args: r
Recup color: r, undefined, undefined]
Cmd: embed
Args: r
Recup color: v, undefined, undefined]
Cmd: embed
Args: v
Cmd: reload
Args: 
Commande chargée: dice
Commande chargée: embed
Commande chargée: reload
Commande chargée: userinfo
Commande chargée: gvgauto
Commande chargée: tarta
Evenement chargé: message
Evenement chargé: ready
Evenement chargé: messageReactionAdd
Evenement chargé: messageReactionRemove
Evenement chargé: webhook
Logged in as Orphea#7210!
Cmd: embed
Args: r
Cmd: embed
Args: r
Cmd: reload
Args: 
Commande chargée: dice
Commande chargée: embed
Commande chargée: reload
Commande chargée: userinfo
Commande chargée: gvgauto
Commande chargée: tarta
Evenement chargé: message
Evenement chargé: ready
Evenement chargé: messageReactionAdd
Evenement chargé: messageReactionRemove
Evenement chargé: webhook
Logged in as Orphea#7210!
Cmd: embed
Args: r
Cmd: embed
Args: r
Cmd: dice
Args: 
Cmd: dice
Args: 
Cmd: embed
Args: r
Cmd: embed
Args: r
Cmd: reload
Args: 
Commande chargée: dice
Commande chargée: embed
Commande chargée: reload
Commande chargée: userinfo
Commande chargée: gvgauto
Commande chargée: tarta
Evenement chargé: message
Evenement chargé: ready
Evenement chargé: messageReactionAdd
Evenement chargé: messageReactionRemove
Evenement chargé: webhook
Logged in as Orphea#7210!
Cmd: reload
Args: 
Commande chargée: dice
Commande chargée: embed
Commande chargée: reload
Commande chargée: userinfo
Commande chargée: gvgauto
Commande chargée: tarta
Evenement chargé: message
Evenement chargé: ready
Evenement chargé: messageReactionAdd
Evenement chargé: messageReactionRemove
Evenement chargé: webhook
Logged in as Orphea#7210!
Cmd: reload
Args: 
Commande chargée: dice
Commande chargée: embed
Commande chargée: reload
Commande chargée: userinfo
Commande chargée: gvgauto
Commande chargée: tarta
Evenement chargé: message
Evenement chargé: ready
Evenement chargé: messageReactionAdd
Evenement chargé: messageReactionRemove
Evenement chargé: webhook
Logged in as Orphea#7210!
Cmd: embed
Args: r
Cmd: embed
Args: r
Cmd: embed
Args: r,test
Cmd: reload
Args: 
Cmd: embed
Args: r
Cmd: embed
Args: r
Cmd: dice
Args: 
Cmd: tarta
Args: test
Cmd: embed
Args: r
Cmd: reload
Args: 
Commande chargée: dice
Commande chargée: embed
Commande chargée: reload
Commande chargée: userinfo
Commande chargée: gvgauto
Commande chargée: tarta
Evenement chargé: message
Evenement chargé: ready
Evenement chargé: messageReactionAdd
Evenement chargé: messageReactionRemove
Evenement chargé: webhook
Logged in as Orphea#7210!
Cmd: dice
Args: 
Cmd: dice
Args: 
Cmd: dice
Args: 
Cmd: reload
Args: 
Commande chargée: dice
Commande chargée: embed
Commande chargée: reload
Commande chargée: userinfo
Commande chargée: gvgauto
Commande chargée: tarta
Evenement chargé: message
Evenement chargé: ready
Evenement chargé: messageReactionAdd
Evenement chargé: messageReactionRemove
Evenement chargé: webhook
Logged in as Orphea#7210!
Cmd: tarta
Args: test
Cmd: dice
Args: 
Cmd: dice
Args: 
Cmd: dice
Args: 
2020-07-07T10:26:58: Commande chargée: dice
2020-07-07T10:26:58: Commande chargée: embed
2020-07-07T10:26:58: Commande chargée: reload
2020-07-07T10:26:58: Commande chargée: userinfo
2020-07-07T10:26:58: Commande chargée: gvgauto
2020-07-07T10:26:58: Commande chargée: tarta
2020-07-07T10:26:58: Evenement chargé: message
2020-07-07T10:26:58: Evenement chargé: ready
2020-07-07T10:26:58: Evenement chargé: messageReactionAdd
2020-07-07T10:26:58: Evenement chargé: messageReactionRemove
2020-07-07T10:26:58: Evenement chargé: webhook
2020-07-07T10:26:58: Logged in as Orphea#7210!
2020-07-07T10:27:33: Cmd: dice
2020-07-07T10:27:33: Args: 
2020-07-07T10:28:02: Cmd: reload
2020-07-07T10:28:02: Args: 
2020-07-07T10:28:03: Commande chargée: dice
2020-07-07T10:28:03: Commande chargée: embed
2020-07-07T10:28:03: Commande chargée: reload
2020-07-07T10:28:03: Commande chargée: userinfo
2020-07-07T10:28:03: Commande chargée: gvgauto
2020-07-07T10:28:03: Commande chargée: tarta
2020-07-07T10:28:03: Evenement chargé: message
2020-07-07T10:28:03: Evenement chargé: ready
2020-07-07T10:28:03: Evenement chargé: messageReactionAdd
2020-07-07T10:28:03: Evenement chargé: messageReactionRemove
2020-07-07T10:28:03: Evenement chargé: webhook
2020-07-07T10:28:03: Logged in as Orphea#7210!
